This is XeTeX, Version 3.141592653-2.6-0.999996 (TeX Live 2024) (preloaded format=xelatex 2025.3.2)  3 MAR 2026 11:40
entering extended mode
 restricted \write18 enabled.
 file:line:error style messages enabled.
 %&-line parsing enabled.
**main
(./main.tex
LaTeX2e <2024-11-01> patch level 2
L3 programming layer <2025-01-18>
(./informswp.cls

LaTeX Warning: You have requested document class `informswp',
               but the document class provides `informs3'.

Document Class: informs3 2012/08/09 v0.95 LaTeX document class for articles submitted to INFORMS
(d:/texlive/2024/texmf-dist/tex/latex/amsmath/amsmath.sty
Package: amsmath 2024/11/05 v2.17t AMS math features
\@mathmargin=\skip49

For additional information on amsmath, use the `?' option.
(d:/texlive/2024/texmf-dist/tex/latex/amsmath/amstext.sty
Package: amstext 2021/08/26 v2.01 AMS text
 (d:/texlive/2024/texmf-dist/tex/latex/amsmath/amsgen.sty
File: amsgen.sty 1999/11/30 v2.0 generic functions
\@emptytoks=\toks17
\ex@=\dimen141
)) (d:/texlive/2024/texmf-dist/tex/latex/amsmath/amsbsy.sty
Package: amsbsy 1999/11/29 v1.2d Bold Symbols
\pmbraise@=\dimen142
) (d:/texlive/2024/texmf-dist/tex/latex/amsmath/amsopn.sty
Package: amsopn 2022/04/08 v2.04 operator names
)
\inf@bad=\count192
LaTeX Info: Redefining \frac on input line 233.
\uproot@=\count193
\leftroot@=\count194
LaTeX Info: Redefining \overline on input line 398.
LaTeX Info: Redefining \colon on input line 409.
\classnum@=\count195
\DOTSCASE@=\count196
LaTeX Info: Redefining \ldots on input line 495.
LaTeX Info: Redefining \dots on input line 498.
LaTeX Info: Redefining \cdots on input line 619.
\Mathstrutbox@=\box52
\strutbox@=\box53
LaTeX Info: Redefining \big on input line 721.
LaTeX Info: Redefining \Big on input line 722.
LaTeX Info: Redefining \bigg on input line 723.
LaTeX Info: Redefining \Bigg on input line 724.
\big@size=\dimen143
LaTeX Font Info:    Redeclaring font encoding OML on input line 742.
LaTeX Font Info:    Redeclaring font encoding OMS on input line 743.
\macc@depth=\count197
LaTeX Info: Redefining \bmod on input line 904.
LaTeX Info: Redefining \pmod on input line 909.
LaTeX Info: Redefining \smash on input line 939.
LaTeX Info: Redefining \relbar on input line 969.
LaTeX Info: Redefining \Relbar on input line 970.
\c@MaxMatrixCols=\count198
\dotsspace@=\muskip17
\c@parentequation=\count199
\dspbrk@lvl=\count266
\tag@help=\toks18
\row@=\count267
\column@=\count268
\maxfields@=\count269
\andhelp@=\toks19
\eqnshift@=\dimen144
\alignsep@=\dimen145
\tagshift@=\dimen146
\tagwidth@=\dimen147
\totwidth@=\dimen148
\lineht@=\dimen149
\@envbody=\toks20
\multlinegap=\skip50
\multlinetaggap=\skip51
\mathdisplay@stack=\toks21
LaTeX Info: Redefining \[ on input line 2953.
LaTeX Info: Redefining \] on input line 2954.
) (d:/texlive/2024/texmf-dist/tex/latex/amsfonts/amssymb.sty
Package: amssymb 2013/01/14 v3.01 AMS font symbols
 (d:/texlive/2024/texmf-dist/tex/latex/amsfonts/amsfonts.sty
Package: amsfonts 2013/01/14 v3.01 Basic AMSFonts support
\symAMSa=\mathgroup4
\symAMSb=\mathgroup5
LaTeX Font Info:    Redeclaring math symbol \hbar on input line 98.
LaTeX Font Info:    Overwriting math alphabet `\mathfrak' in version `bold'
(Font)                  U/euf/m/n --> U/euf/b/n on input line 106.
)) (d:/texlive/2024/texmf-dist/tex/latex/base/ifthen.sty
Package: ifthen 2024/03/16 v1.1e Standard LaTeX ifthen package (DPC)
) (d:/texlive/2024/texmf-dist/tex/latex/url/url.sty
\Urlmuskip=\muskip18
Package: url 2013/09/16  ver 3.4  Verb mode for urls, etc.
) (d:/texlive/2024/texmf-dist/tex/latex/graphics/graphicx.sty
Package: graphicx 2021/09/16 v1.2d Enhanced LaTeX Graphics (DPC,SPQR)
 (d:/texlive/2024/texmf-dist/tex/latex/graphics/keyval.sty
Package: keyval 2022/05/29 v1.15 key=value parser (DPC)
\KV@toks@=\toks22
) (d:/texlive/2024/texmf-dist/tex/latex/graphics/graphics.sty
Package: graphics 2024/08/06 v1.4g Standard LaTeX Graphics (DPC,SPQR)
 (d:/texlive/2024/texmf-dist/tex/latex/graphics/trig.sty
Package: trig 2023/12/02 v1.11 sin cos tan (DPC)
) (d:/texlive/2024/texmf-dist/tex/latex/graphics-cfg/graphics.cfg
File: graphics.cfg 2016/06/04 v1.11 sample graphics configuration
)
Package graphics Info: Driver file: xetex.def on input line 106.
 (d:/texlive/2024/texmf-dist/tex/latex/graphics-def/xetex.def
File: xetex.def 2022/09/22 v5.0n Graphics/color driver for xetex
))
\Gin@req@height=\dimen150
\Gin@req@width=\dimen151
) (d:/texlive/2024/texmf-dist/tex/latex/graphics/color.sty
Package: color 2024/06/23 v1.3e Standard LaTeX Color (DPC)
 (d:/texlive/2024/texmf-dist/tex/latex/graphics-cfg/color.cfg
File: color.cfg 2016/01/02 v1.6 sample color configuration
)
Package color Info: Driver file: xetex.def on input line 149.
 (d:/texlive/2024/texmf-dist/tex/latex/graphics/mathcolor.ltx)) (d:/texlive/2024/texmf-dist/tex/latex/tools/array.sty
Package: array 2024/10/17 v2.6g Tabular extension package (FMi)
\col@sep=\dimen152
\ar@mcellbox=\box54
\extrarowheight=\dimen153
\NC@list=\toks23
\extratabsurround=\skip52
\backup@length=\skip53
\ar@cellbox=\box55
) (d:/texlive/2024/texmf-dist/tex/latex/tools/theorem.sty
Package: theorem 2024/08/06 v2.2c Theorem extension package (FMi)
\theorem@style=\toks24
\theorem@bodyfont=\toks25
\theorempreskipamount=\skip54
\theorempostskipamount=\skip55
 (d:/texlive/2024/texmf-dist/tex/latex/tools/thp.sty
File: thp.sty 2024/08/06 v2.2c Theorem extension package (FMi)
))
\symboperators=\mathgroup6
\symbletters=\mathgroup7
\symbsymbols=\mathgroup8
\markwidth=\dimen154
\blth=\dimen155
\marklength=\dimen156
\markdistance=\dimen157
\trimwidth=\dimen158
\trimheight=\dimen159
\auxaaa=\dimen160
\auxbbb=\dimen161
\auxccc=\dimen162
\auxddd=\dimen163
\c@nowappendix=\count270
\@bls=\dimen164
\@em=\dimen165
\tempbox=\box56
\tempdim=\dimen166
\tempdimht=\dimen167
\adim=\dimen168
\c@figure=\count271
\c@table=\count272
\adim=\dimen169
\ABSwidth=\dimen170
\clineHT=\dimen171
\clineDP=\dimen172
\labelwidthi=\dimen173
\labelwidthii=\dimen174
\labelwidthiii=\dimen175
\labelwidthiv=\dimen176
\@maxlistdepth=\count273
\c@part=\count274
\c@chapter=\count275
\c@section=\count276
\c@subsection=\count277
\c@subsubsection=\count278
\c@paragraph=\count279
\c@subparagraph=\count280
\@tempboxa=\box57
\@tempboxb=\box58
) (d:/texlive/2024/texmf-dist/tex/latex/yhmath/yhmath.sty
Package: yhmath 2020/03/17 v1.6
\symyhlargesymbols=\mathgroup9
LaTeX Font Info:    Redeclaring math accent \widetilde on input line 29.
LaTeX Font Info:    Redeclaring math accent \widehat on input line 30.
LaTeX Font Info:    Redeclaring math symbol \braceld on input line 48.
LaTeX Font Info:    Redeclaring math symbol \bracerd on input line 49.
LaTeX Font Info:    Redeclaring math symbol \bracelu on input line 50.
LaTeX Font Info:    Redeclaring math symbol \braceru on input line 51.
LaTeX Font Info:    Redeclaring math delimiter \lmoustache on input line 53.
LaTeX Font Info:    Redeclaring math delimiter \rmoustache on input line 55.
LaTeX Font Info:    Redeclaring math delimiter \arrowvert on input line 57.
LaTeX Font Info:    Redeclaring math delimiter \Arrowvert on input line 59.
LaTeX Font Info:    Redeclaring math delimiter \Vert on input line 61.
LaTeX Font Info:    Redeclaring math delimiter \vert on input line 63.
LaTeX Font Info:    Redeclaring math delimiter \uparrow on input line 65.
LaTeX Font Info:    Redeclaring math delimiter \downarrow on input line 67.
LaTeX Font Info:    Redeclaring math delimiter \updownarrow on input line 69.
LaTeX Font Info:    Redeclaring math delimiter \Uparrow on input line 71.
LaTeX Font Info:    Redeclaring math delimiter \Downarrow on input line 73.
LaTeX Font Info:    Redeclaring math delimiter \Updownarrow on input line 75.
LaTeX Font Info:    Redeclaring math delimiter \backslash on input line 79.
LaTeX Font Info:    Redeclaring math delimiter \rangle on input line 81.
LaTeX Font Info:    Redeclaring math delimiter \langle on input line 83.
LaTeX Font Info:    Redeclaring math delimiter \rbrace on input line 85.
LaTeX Font Info:    Redeclaring math delimiter \lbrace on input line 87.
LaTeX Font Info:    Redeclaring math delimiter \rceil on input line 89.
LaTeX Font Info:    Redeclaring math delimiter \lceil on input line 91.
LaTeX Font Info:    Redeclaring math delimiter \rfloor on input line 93.
LaTeX Font Info:    Redeclaring math delimiter \lfloor on input line 95.
LaTeX Font Info:    Redeclaring math delimiter \lgroup on input line 97.
LaTeX Font Info:    Redeclaring math delimiter \rgroup on input line 99.
LaTeX Font Info:    Redeclaring math delimiter \bracevert on input line 101.
) (d:/texlive/2024/texmf-dist/tex/latex/multirow/multirow.sty
Package: multirow 2024/11/12 v2.9 Span multiple rows of a table
\multirow@colwidth=\skip56
\multirow@cntb=\count281
\multirow@dima=\skip57
\bigstrutjot=\dimen177
) (d:/texlive/2024/texmf-dist/tex/latex/booktabs/booktabs.sty
Package: booktabs 2020/01/12 v1.61803398 Publication quality tables
\heavyrulewidth=\dimen178
\lightrulewidth=\dimen179
\cmidrulewidth=\dimen180
\belowrulesep=\dimen181
\belowbottomsep=\dimen182
\aboverulesep=\dimen183
\abovetopsep=\dimen184
\cmidrulesep=\dimen185
\cmidrulekern=\dimen186
\defaultaddspace=\dimen187
\@cmidla=\count282
\@cmidlb=\count283
\@aboverulesep=\dimen188
\@belowrulesep=\dimen189
\@thisruleclass=\count284
\@lastruleclass=\count285
\@thisrulewidth=\dimen190
) (d:/texlive/2024/texmf-dist/tex/latex/comment/comment.sty
\CommentStream=\write3
 Excluding comment 'comment') (d:/texlive/2024/texmf-dist/tex/generic/soul/soul.sty
Package: soul 2023-06-14 v3.1 Permit use of UTF-8 characters in soul (HO)
 (d:/texlive/2024/texmf-dist/tex/generic/soul/soul-ori.sty
Package: soul-ori 2023-06-14 v3.1 letterspacing/underlining (mf)
\SOUL@word=\toks26
\SOUL@lasttoken=\toks27
\SOUL@syllable=\toks28
\SOUL@cmds=\toks29
\SOUL@buffer=\toks30
\SOUL@token=\toks31
\SOUL@syllgoal=\dimen191
\SOUL@syllwidth=\dimen192
\SOUL@charkern=\dimen193
\SOUL@hyphkern=\dimen194
\SOUL@dimen=\dimen195
\SOUL@dimeni=\dimen196
\SOUL@minus=\count286
\SOUL@comma=\count287
\SOUL@apo=\count288
\SOUL@grave=\count289
\SOUL@spaceskip=\skip58
\SOUL@ttwidth=\dimen197
\SOUL@uldp=\dimen198
\SOUL@ulht=\dimen199
) (d:/texlive/2024/texmf-dist/tex/generic/infwarerr/infwarerr.sty
Package: infwarerr 2019/12/03 v1.5 Providing info/warning/error messages (HO)
) (d:/texlive/2024/texmf-dist/tex/generic/etexcmds/etexcmds.sty
Package: etexcmds 2019/12/15 v1.7 Avoid name clashes with e-TeX commands (HO)
 (d:/texlive/2024/texmf-dist/tex/generic/iftex/iftex.sty
Package: iftex 2024/12/12 v1.0g TeX engine tests
))) (d:/texlive/2024/texmf-dist/tex/latex/float/float.sty
Package: float 2001/11/08 v1.3d Float enhancements (AL)
\c@float@type=\count290
\float@exts=\toks32
\float@box=\box59
\@float@everytoks=\toks33
\@floatcapt=\box60
) (d:/texlive/2024/texmf-dist/tex/latex/appendix/appendix.sty
Package: appendix 2020/02/08 v1.2c extra appendix facilities


Package appendix Warning: No \appendix command in this document class!
(appendix)                Trying to create an appendix will probably fail.

\c@@pps=\count291
\c@@ppsavesec=\count292
\c@@ppsaveapp=\count293
) (d:/texlive/2024/texmf-dist/tex/latex/tools/bm.sty
Package: bm 2023/12/19 v1.2f Bold Symbol Support (DPC/FMi)
\symboldoperators=\mathgroup10
\symboldletters=\mathgroup11
\symboldsymbols=\mathgroup12
Package bm Info: No bold for \OMX/cmex/m/n, using \pmb.
Package bm Info: No bold for \U/msa/m/n, using \pmb.
Package bm Info: No bold for \U/msb/m/n, using \pmb.
Package bm Info: No bold for \OT1/cmr/bx/n, using \pmb.
Package bm Info: No bold for \OML/cmm/b/it, using \pmb.
Package bm Info: No bold for \OMS/cmsy/b/n, using \pmb.
Package bm Info: No bold for \OMX/yhex/m/n, using \pmb.
LaTeX Font Info:    Redeclaring math alphabet \mathbf on input line 149.
) (d:/texlive/2024/texmf-dist/tex/latex/doublestroke/dsfont.sty
Package: dsfont 1995/08/01 v0.1 Double stroke roman fonts
) (d:/texlive/2024/texmf-dist/tex/latex/cjk/texinput/CJKutf8.sty
Package: CJKutf8 2021/10/16 4.8.5
 (d:/texlive/2024/texmf-dist/tex/generic/iftex/ifpdf.sty
Package: ifpdf 2019/10/25 v3.4 ifpdf legacy package. Use iftex instead.
) (d:/texlive/2024/texmf-dist/tex/latex/base/inputenc.sty
Package: inputenc 2024/02/08 v1.3d Input encoding file
\inpenc@prehook=\toks34
\inpenc@posthook=\toks35


Package inputenc Warning: inputenc package ignored with utf8 based engines.

) (d:/texlive/2024/texmf-dist/tex/latex/cjk/texinput/CJK.sty
Package: CJK 2021/10/16 4.8.5
 (d:/texlive/2024/texmf-dist/tex/latex/cjk/texinput/mule/MULEenc.sty
Package: MULEenc 2021/10/16 4.8.5
) (d:/texlive/2024/texmf-dist/tex/latex/cjk/texinput/CJK.enc
File: CJK.enc 2021/10/16 4.8.5
)
\CJK@indent=\box61
) (d:/texlive/2024/texmf-dist/tex/latex/base/fontenc.sty
Package: fontenc 2021/04/29 v2.0v Standard LaTeX package
)) (d:/texlive/2024/texmf-dist/tex/latex/caption/subcaption.sty
Package: subcaption 2023/07/28 v1.6b Sub-captions (AR)
 (d:/texlive/2024/texmf-dist/tex/latex/caption/caption.sty
Package: caption 2023/08/05 v3.6o Customizing captions (AR)
 (d:/texlive/2024/texmf-dist/tex/latex/caption/caption3.sty
Package: caption3 2023/07/31 v2.4d caption3 kernel (AR)
\caption@tempdima=\dimen256
\captionmargin=\dimen257
\caption@leftmargin=\dimen258
\caption@rightmargin=\dimen259
\caption@width=\dimen260
\caption@indent=\dimen261
\caption@parindent=\dimen262
\caption@hangindent=\dimen263
\abovecaptionskip=\skip59
\belowcaptionskip=\skip60
Package caption Info: Document class w/o caption stuff detected.
)
\c@caption@flags=\count294
\c@continuedfloat=\count295
Package caption Info: float package is loaded.
)
Package caption Info: New subtype `subfigure' on input line 238.
\c@subfigure=\count296
Package caption Info: New subtype `subtable' on input line 238.
\c@subtable=\count297
) (d:/texlive/2024/texmf-dist/tex/latex/makecell/makecell.sty
Package: makecell 2009/08/03 V0.1e Managing of Tab Column Heads and Cells
\rotheadsize=\dimen264
\c@nlinenum=\count298
\TeXr@lab=\toks36
) (d:/texlive/2024/texmf-dist/tex/generic/ulem/ulem.sty
\UL@box=\box62
\UL@hyphenbox=\box63
\UL@skip=\skip61
\UL@hook=\toks37
\UL@height=\dimen265
\UL@pe=\count299
\UL@pixel=\dimen266
\ULC@box=\box64
Package: ulem 2019/11/18
\ULdepth=\dimen267
) (d:/texlive/2024/texmf-dist/tex/latex/hyperref/hyperref.sty
Package: hyperref 2024-11-05 v7.01l Hypertext links for LaTeX
 (d:/texlive/2024/texmf-dist/tex/latex/kvsetkeys/kvsetkeys.sty
Package: kvsetkeys 2022-10-05 v1.19 Key value parser (HO)
) (d:/texlive/2024/texmf-dist/tex/generic/kvdefinekeys/kvdefinekeys.sty
Package: kvdefinekeys 2019-12-19 v1.6 Define keys (HO)
) (d:/texlive/2024/texmf-dist/tex/generic/pdfescape/pdfescape.sty
Package: pdfescape 2019/12/09 v1.15 Implements pdfTeX's escape features (HO)
 (d:/texlive/2024/texmf-dist/tex/generic/ltxcmds/ltxcmds.sty
Package: ltxcmds 2023-12-04 v1.26 LaTeX kernel commands for general use (HO)
) (d:/texlive/2024/texmf-dist/tex/generic/pdftexcmds/pdftexcmds.sty
Package: pdftexcmds 2020-06-27 v0.33 Utility functions of pdfTeX for LuaTeX (HO)
Package pdftexcmds Info: \pdf@primitive is available.
Package pdftexcmds Info: \pdf@ifprimitive is available.
Package pdftexcmds Info: \pdfdraftmode not found.
)) (d:/texlive/2024/texmf-dist/tex/latex/hycolor/hycolor.sty
Package: hycolor 2020-01-27 v1.10 Color options for hyperref/bookmark (HO)
) (d:/texlive/2024/texmf-dist/tex/latex/hyperref/nameref.sty
Package: nameref 2023-11-26 v2.56 Cross-referencing by name of section
 (d:/texlive/2024/texmf-dist/tex/latex/refcount/refcount.sty
Package: refcount 2019/12/15 v3.6 Data extraction from label references (HO)
) (d:/texlive/2024/texmf-dist/tex/generic/gettitlestring/gettitlestring.sty
Package: gettitlestring 2019/12/15 v1.6 Cleanup title references (HO)
 (d:/texlive/2024/texmf-dist/tex/latex/kvoptions/kvoptions.sty
Package: kvoptions 2022-06-15 v3.15 Key value format for package options (HO)
))
\c@section@level=\count300
) (d:/texlive/2024/texmf-dist/tex/latex/etoolbox/etoolbox.sty
Package: etoolbox 2025/02/11 v2.5l e-TeX tools for LaTeX (JAW)
\etb@tempcnta=\count301
) (d:/texlive/2024/texmf-dist/tex/generic/stringenc/stringenc.sty
Package: stringenc 2019/11/29 v1.12 Convert strings between diff. encodings (HO)
)
\@linkdim=\dimen268
\Hy@linkcounter=\count302
\Hy@pagecounter=\count303
 (d:/texlive/2024/texmf-dist/tex/latex/hyperref/pd1enc.def
File: pd1enc.def 2024-11-05 v7.01l Hyperref: PDFDocEncoding definition (HO)
) (d:/texlive/2024/texmf-dist/tex/generic/intcalc/intcalc.sty
Package: intcalc 2019/12/15 v1.3 Expandable calculations with integers (HO)
)
\Hy@SavedSpaceFactor=\count304
 (d:/texlive/2024/texmf-dist/tex/latex/hyperref/puenc.def
File: puenc.def 2024-11-05 v7.01l Hyperref: PDF Unicode definition (HO)
)
Package hyperref Info: Hyper figures OFF on input line 4157.
Package hyperref Info: Link nesting OFF on input line 4162.
Package hyperref Info: Hyper index ON on input line 4165.
Package hyperref Info: Plain pages OFF on input line 4172.
Package hyperref Info: Backreferencing OFF on input line 4177.
Package hyperref Info: Implicit mode ON; LaTeX internals redefined.
Package hyperref Info: Bookmarks ON on input line 4424.
\c@Hy@tempcnt=\count305
LaTeX Info: Redefining \url on input line 4763.
\XeTeXLinkMargin=\dimen269
 (d:/texlive/2024/texmf-dist/tex/generic/bitset/bitset.sty
Package: bitset 2019/12/09 v1.3 Handle bit-vector datatype (HO)
 (d:/texlive/2024/texmf-dist/tex/generic/bigintcalc/bigintcalc.sty
Package: bigintcalc 2019/12/15 v1.5 Expandable calculations on big integers (HO)
))
\Fld@menulength=\count306
\Field@Width=\dimen270
\Fld@charsize=\dimen271
Package hyperref Info: Hyper figures OFF on input line 6042.
Package hyperref Info: Link nesting OFF on input line 6047.
Package hyperref Info: Hyper index ON on input line 6050.
Package hyperref Info: backreferencing OFF on input line 6057.
Package hyperref Info: Link coloring OFF on input line 6062.
Package hyperref Info: Link coloring with OCG OFF on input line 6067.
Package hyperref Info: PDF/A mode OFF on input line 6072.
 (d:/texlive/2024/texmf-dist/tex/latex/base/atbegshi-ltx.sty
Package: atbegshi-ltx 2021/01/10 v1.0c Emulation of the original atbegshi
package with kernel methods
)
\Hy@abspage=\count307
\c@Item=\count308
\c@Hfootnote=\count309
)
Package hyperref Info: Driver (autodetected): hxetex.
 (d:/texlive/2024/texmf-dist/tex/latex/hyperref/hxetex.def
File: hxetex.def 2024-11-05 v7.01l Hyperref driver for XeTeX
\pdfm@box=\box65
\c@Hy@AnnotLevel=\count310
\HyField@AnnotCount=\count311
\Fld@listcount=\count312
\c@bookmark@seq@number=\count313
 (d:/texlive/2024/texmf-dist/tex/latex/rerunfilecheck/rerunfilecheck.sty
Package: rerunfilecheck 2022-07-10 v1.10 Rerun checks for auxiliary files (HO)
 (d:/texlive/2024/texmf-dist/tex/latex/base/atveryend-ltx.sty
Package: atveryend-ltx 2020/08/19 v1.0a Emulation of the original atveryend package
with kernel methods
) (d:/texlive/2024/texmf-dist/tex/generic/uniquecounter/uniquecounter.sty
Package: uniquecounter 2019/12/15 v1.4 Provide unlimited unique counter (HO)
)
Package uniquecounter Info: New unique counter `rerunfilecheck' on input line 285.
)
\Hy@SectionHShift=\skip62
) (d:/texlive/2024/texmf-dist/tex/latex/mdwtools/footnote.sty
Package: footnote 1997/01/28 1.13 Save footnotes around boxes
\fn@notes=\box66
\fn@width=\dimen272
) (d:/texlive/2024/texmf-dist/tex/latex/cleveref/cleveref.sty
Package: cleveref 2018/03/27 v0.21.4 Intelligent cross-referencing
Package cleveref Info: `hyperref' support loaded on input line 2370.
LaTeX Info: Redefining \cref on input line 2370.
LaTeX Info: Redefining \Cref on input line 2370.
LaTeX Info: Redefining \crefrange on input line 2370.
LaTeX Info: Redefining \Crefrange on input line 2370.
LaTeX Info: Redefining \cpageref on input line 2370.
LaTeX Info: Redefining \Cpageref on input line 2370.
LaTeX Info: Redefining \cpagerefrange on input line 2370.
LaTeX Info: Redefining \Cpagerefrange on input line 2370.
LaTeX Info: Redefining \labelcref on input line 2370.
LaTeX Info: Redefining \labelcpageref on input line 2370.
) (d:/texlive/2024/texmf-dist/tex/latex/tools/enumerate.sty
Package: enumerate 2023/07/04 v3.00 enumerate extensions (DPC)
\@enLab=\toks38
)
Package hyperref Info: Option `colorlinks' set `true' on input line 52.
Package hyperref Info: Option `linktocpage' set `true' on input line 52.
 (d:/texlive/2024/texmf-dist/tex/latex/mathtools/mathtools.sty
Package: mathtools 2024/10/04 v1.31 mathematical typesetting tools
 (d:/texlive/2024/texmf-dist/tex/latex/tools/calc.sty
Package: calc 2023/07/08 v4.3 Infix arithmetic (KKT,FJ)
\calc@Acount=\count314
\calc@Bcount=\count315
\calc@Adimen=\dimen273
\calc@Bdimen=\dimen274
\calc@Askip=\skip63
\calc@Bskip=\skip64
LaTeX Info: Redefining \setlength on input line 80.
LaTeX Info: Redefining \addtolength on input line 81.
\calc@Ccount=\count316
\calc@Cskip=\skip65
) (d:/texlive/2024/texmf-dist/tex/latex/mathtools/mhsetup.sty
Package: mhsetup 2021/03/18 v1.4 programming setup (MH)
)
\g_MT_multlinerow_int=\count317
\l_MT_multwidth_dim=\dimen275
\origjot=\skip66
\l_MT_shortvdotswithinadjustabove_dim=\dimen276
\l_MT_shortvdotswithinadjustbelow_dim=\dimen277
\l_MT_above_intertext_sep=\dimen278
\l_MT_below_intertext_sep=\dimen279
\l_MT_above_shortintertext_sep=\dimen280
\l_MT_below_shortintertext_sep=\dimen281
\xmathstrut@box=\box67
\xmathstrut@dim=\dimen282
) (d:/texlive/2024/texmf-dist/tex/latex/jknapltx/mathrsfs.sty
Package: mathrsfs 1996/01/01 Math RSFS package v1.0 (jk)
\symrsfs=\mathgroup13
) (d:/texlive/2024/texmf-dist/tex/latex/tools/tabularx.sty
Package: tabularx 2023/12/11 v2.12a `tabularx' package (DPC)
\TX@col@width=\dimen283
\TX@old@table=\dimen284
\TX@old@col=\dimen285
\TX@target=\dimen286
\TX@delta=\dimen287
\TX@cols=\count318
\TX@ftn=\toks39
) (d:/texlive/2024/texmf-dist/tex/latex/color-edits/color-edits.sty
Package: color-edits 2020/09/18 v1.1 Class for annotating authors' edits in color
) (d:/texlive/2024/texmf-dist/tex/latex/xcolor/xcolor.sty
Package: xcolor 2024/09/29 v3.02 LaTeX color extensions (UK)
 (d:/texlive/2024/texmf-dist/tex/latex/graphics-cfg/color.cfg
File: color.cfg 2016/01/02 v1.6 sample color configuration
)

Package xcolor Warning: Package option `usenames' is obsolete and ignored on input line 265.

Package xcolor Info: Driver file: xetex.def on input line 274.
LaTeX Info: Redefining \color on input line 762.
(d:/texlive/2024/texmf-dist/tex/latex/graphics/mathcolor.ltx)
Package xcolor Info: Model `cmy' substituted by `cmy0' on input line 1349.
Package xcolor Info: Model `RGB' extended on input line 1365.
Package xcolor Info: Model `HTML' substituted by `rgb' on input line 1367.
Package xcolor Info: Model `Hsb' substituted by `hsb' on input line 1368.
Package xcolor Info: Model `tHsb' substituted by `hsb' on input line 1369.
Package xcolor Info: Model `HSB' substituted by `hsb' on input line 1370.
Package xcolor Info: Model `Gray' substituted by `gray' on input line 1371.
Package xcolor Info: Model `wave' substituted by `hsb' on input line 1372.
) (d:/texlive/2024/texmf-dist/tex/latex/graphics/dvipsnam.def
File: dvipsnam.def 2016/06/17 v3.0m Driver-dependent file (DPC,SPQR)
) (d:/texlive/2024/texmf-dist/tex/latex/listings/listings.sty
\lst@mode=\count319
\lst@gtempboxa=\box68
\lst@token=\toks40
\lst@length=\count320
\lst@currlwidth=\dimen288
\lst@column=\count321
\lst@pos=\count322
\lst@lostspace=\dimen289
\lst@width=\dimen290
\lst@newlines=\count323
\lst@lineno=\count324
\lst@maxwidth=\dimen291
 (d:/texlive/2024/texmf-dist/tex/latex/listings/lstpatch.sty
File: lstpatch.sty 2024/09/23 1.10c (Carsten Heinz)
) (d:/texlive/2024/texmf-dist/tex/latex/listings/lstmisc.sty
File: lstmisc.sty 2024/09/23 1.10c (Carsten Heinz)
\c@lstnumber=\count325
\lst@skipnumbers=\count326
\lst@framebox=\box69
) (d:/texlive/2024/texmf-dist/tex/latex/listings/listings.cfg
File: listings.cfg 2024/09/23 1.10c listings configuration
))
Package: listings 2024/09/23 1.10c (Carsten Heinz)
 (d:/texlive/2024/texmf-dist/tex/latex/listings/lstlang1.sty
File: lstlang1.sty 2024/09/23 1.10c listings language file
) (./natbib.sty
Package: natbib 2000/07/24 7.0a (PWD)
\bibhang=\skip67
\bibsep=\skip68
LaTeX Info: Redefining \cite on input line 508.
\c@NAT@ctr=\count327
)
\c@repeattheorem=\count328
\c@repeatlemma=\count329
\c@repeatproposition=\count330
\c@repeatcorollary=\count331
\c@repeatclaim=\count332
\c@repeatconjecture=\count333
\c@repeathypothesis=\count334
\c@repeatassumption=\count335
\c@repeatremark=\count336
\c@repeatexample=\count337
\c@repeatobservation=\count338
\c@repeatproblem=\count339
\c@repeatdefinition=\count340
\c@repeatquestion=\count341
\c@repeatanswer=\count342
\c@repeatexercise=\count343


Package xcolor Warning: Package option `usenames' is obsolete and ignored on input line 210.


LaTeX Warning: \include should only be used after \begin{document} on input line 216.

(./preembles.tex
\c@theorem=\count344
\c@lemma=\count345
\c@corollary=\count346
\c@proposition=\count347
\c@definition=\count348
\c@condition=\count349
\c@remark=\count350
\c@example=\count351
\c@case=\count352
) (d:/texlive/2024/texmf-dist/tex/latex/bbm-macros/bbm.sty
Package: bbm 1999/03/15 V 1.2 provides fonts for set symbols - TH
LaTeX Font Info:    Overwriting math alphabet `\mathbbm' in version `bold'
(Font)                  U/bbm/m/n --> U/bbm/bx/n on input line 33.
LaTeX Font Info:    Overwriting math alphabet `\mathbbmss' in version `bold'
(Font)                  U/bbmss/m/n --> U/bbmss/bx/n on input line 35.
) (d:/texlive/2024/texmf-dist/tex/latex/algorithms/algorithm.sty
Invalid UTF-8 byte or sequence at line 11 replaced by U+FFFD.
Package: algorithm 2009/08/24 v0.1 Document Style `algorithm' - floating environment
\@float@every@algorithm=\toks41
\c@algorithm=\count353
) (d:/texlive/2024/texmf-dist/tex/latex/algorithmicx/algorithmicx.sty
Package: algorithmicx 2005/04/27 v1.2 Algorithmicx

Document Style algorithmicx 1.2 - a greatly improved `algorithmic' style
\c@ALG@line=\count354
\c@ALG@rem=\count355
\c@ALG@nested=\count356
\ALG@tlm=\skip69
\ALG@thistlm=\skip70
\c@ALG@Lnr=\count357
\c@ALG@blocknr=\count358
\c@ALG@storecount=\count359
\c@ALG@tmpcounter=\count360
\ALG@tmplength=\skip71
) (d:/texlive/2024/texmf-dist/tex/latex/algorithmicx/algpseudocode.sty
Package: algpseudocode 

Document Style - pseudocode environments for use with the `algorithmicx' style
) (d:/texlive/2024/texmf-dist/tex/latex/tcolorbox/tcolorbox.sty
Package: tcolorbox 2024/10/22 version 6.4.1 text color boxes
 (d:/texlive/2024/texmf-dist/tex/latex/pgf/frontendlayer/tikz.sty (d:/texlive/2024/texmf-dist/tex/latex/pgf/basiclayer/pgf.sty (d:/texlive/2024/texmf-dist/tex/latex/pgf/utilities/pgfrcs.sty (d:/texlive/2024/texmf-dist/tex/generic/pgf/utilities/pgfutil-common.tex
\pgfutil@everybye=\toks42
\pgfutil@tempdima=\dimen292
\pgfutil@tempdimb=\dimen293
) (d:/texlive/2024/texmf-dist/tex/generic/pgf/utilities/pgfutil-latex.def
\pgfutil@abb=\box70
) (d:/texlive/2024/texmf-dist/tex/generic/pgf/utilities/pgfrcs.code.tex (d:/texlive/2024/texmf-dist/tex/generic/pgf/pgf.revision.tex)
Package: pgfrcs 2023-01-15 v3.1.10 (3.1.10)
))
Package: pgf 2023-01-15 v3.1.10 (3.1.10)
 (d:/texlive/2024/texmf-dist/tex/latex/pgf/basiclayer/pgfcore.sty (d:/texlive/2024/texmf-dist/tex/latex/pgf/systemlayer/pgfsys.sty (d:/texlive/2024/texmf-dist/tex/generic/pgf/systemlayer/pgfsys.code.tex
Package: pgfsys 2023-01-15 v3.1.10 (3.1.10)
 (d:/texlive/2024/texmf-dist/tex/generic/pgf/utilities/pgfkeys.code.tex
\pgfkeys@pathtoks=\toks43
\pgfkeys@temptoks=\toks44
 (d:/texlive/2024/texmf-dist/tex/generic/pgf/utilities/pgfkeyslibraryfiltered.code.tex
\pgfkeys@tmptoks=\toks45
))
\pgf@x=\dimen294
\pgf@y=\dimen295
\pgf@xa=\dimen296
\pgf@ya=\dimen297
\pgf@xb=\dimen298
\pgf@yb=\dimen299
\pgf@xc=\dimen300
\pgf@yc=\dimen301
\pgf@xd=\dimen302
\pgf@yd=\dimen303
\w@pgf@writea=\write4
\r@pgf@reada=\read2
\c@pgf@counta=\count361
\c@pgf@countb=\count362
\c@pgf@countc=\count363
\c@pgf@countd=\count364
\t@pgf@toka=\toks46
\t@pgf@tokb=\toks47
\t@pgf@tokc=\toks48
\pgf@sys@id@count=\count365
 (d:/texlive/2024/texmf-dist/tex/generic/pgf/systemlayer/pgf.cfg
File: pgf.cfg 2023-01-15 v3.1.10 (3.1.10)
)
Driver file for pgf: pgfsys-xetex.def
 (d:/texlive/2024/texmf-dist/tex/generic/pgf/systemlayer/pgfsys-xetex.def
File: pgfsys-xetex.def 2023-01-15 v3.1.10 (3.1.10)
 (d:/texlive/2024/texmf-dist/tex/generic/pgf/systemlayer/pgfsys-dvipdfmx.def
File: pgfsys-dvipdfmx.def 2023-01-15 v3.1.10 (3.1.10)
 (d:/texlive/2024/texmf-dist/tex/generic/pgf/systemlayer/pgfsys-common-pdf.def
File: pgfsys-common-pdf.def 2023-01-15 v3.1.10 (3.1.10)
)
\pgfsys@objnum=\count366
))) (d:/texlive/2024/texmf-dist/tex/generic/pgf/systemlayer/pgfsyssoftpath.code.tex
File: pgfsyssoftpath.code.tex 2023-01-15 v3.1.10 (3.1.10)
\pgfsyssoftpath@smallbuffer@items=\count367
\pgfsyssoftpath@bigbuffer@items=\count368
) (d:/texlive/2024/texmf-dist/tex/generic/pgf/systemlayer/pgfsysprotocol.code.tex
File: pgfsysprotocol.code.tex 2023-01-15 v3.1.10 (3.1.10)
)) (d:/texlive/2024/texmf-dist/tex/generic/pgf/basiclayer/pgfcore.code.tex
Package: pgfcore 2023-01-15 v3.1.10 (3.1.10)
 (d:/texlive/2024/texmf-dist/tex/generic/pgf/math/pgfmath.code.tex (d:/texlive/2024/texmf-dist/tex/generic/pgf/math/pgfmathutil.code.tex) (d:/texlive/2024/texmf-dist/tex/generic/pgf/math/pgfmathparser.code.tex
\pgfmath@dimen=\dimen304
\pgfmath@count=\count369
\pgfmath@box=\box71
\pgfmath@toks=\toks49
\pgfmath@stack@operand=\toks50
\pgfmath@stack@operation=\toks51
) (d:/texlive/2024/texmf-dist/tex/generic/pgf/math/pgfmathfunctions.code.tex) (d:/texlive/2024/texmf-dist/tex/generic/pgf/math/pgfmathfunctions.basic.code.tex) (d:/texlive/2024/texmf-dist/tex/generic/pgf/math/pgfmathfunctions.trigonometric.code.tex) (d:/texlive/2024/texmf-dist/tex/generic/pgf/math/pgfmathfunctions.random.code.tex) (d:/texlive/2024/texmf-dist/tex/generic/pgf/math/pgfmathfunctions.comparison.code.tex) (d:/texlive/2024/texmf-dist/tex/generic/pgf/math/pgfmathfunctions.base.code.tex) (d:/texlive/2024/texmf-dist/tex/generic/pgf/math/pgfmathfunctions.round.code.tex) (d:/texlive/2024/texmf-dist/tex/generic/pgf/math/pgfmathfunctions.misc.code.tex) (d:/texlive/2024/texmf-dist/tex/generic/pgf/math/pgfmathfunctions.integerarithmetics.code.tex) (d:/texlive/2024/texmf-dist/tex/generic/pgf/math/pgfmathcalc.code.tex) (d:/texlive/2024/texmf-dist/tex/generic/pgf/math/pgfmathfloat.code.tex
\c@pgfmathroundto@lastzeros=\count370
)) (d:/texlive/2024/texmf-dist/tex/generic/pgf/math/pgfint.code.tex) (d:/texlive/2024/texmf-dist/tex/generic/pgf/basiclayer/pgfcorepoints.code.tex
File: pgfcorepoints.code.tex 2023-01-15 v3.1.10 (3.1.10)
\pgf@picminx=\dimen305
\pgf@picmaxx=\dimen306
\pgf@picminy=\dimen307
\pgf@picmaxy=\dimen308
\pgf@pathminx=\dimen309
\pgf@pathmaxx=\dimen310
\pgf@pathminy=\dimen311
\pgf@pathmaxy=\dimen312
\pgf@xx=\dimen313
\pgf@xy=\dimen314
\pgf@yx=\dimen315
\pgf@yy=\dimen316
\pgf@zx=\dimen317
\pgf@zy=\dimen318
) (d:/texlive/2024/texmf-dist/tex/generic/pgf/basiclayer/pgfcorepathconstruct.code.tex
File: pgfcorepathconstruct.code.tex 2023-01-15 v3.1.10 (3.1.10)
\pgf@path@lastx=\dimen319
\pgf@path@lasty=\dimen320
) (d:/texlive/2024/texmf-dist/tex/generic/pgf/basiclayer/pgfcorepathusage.code.tex
File: pgfcorepathusage.code.tex 2023-01-15 v3.1.10 (3.1.10)
\pgf@shorten@end@additional=\dimen321
\pgf@shorten@start@additional=\dimen322
) (d:/texlive/2024/texmf-dist/tex/generic/pgf/basiclayer/pgfcorescopes.code.tex
File: pgfcorescopes.code.tex 2023-01-15 v3.1.10 (3.1.10)
\pgfpic=\box72
\pgf@hbox=\box73
\pgf@layerbox@main=\box74
\pgf@picture@serial@count=\count371
) (d:/texlive/2024/texmf-dist/tex/generic/pgf/basiclayer/pgfcoregraphicstate.code.tex
File: pgfcoregraphicstate.code.tex 2023-01-15 v3.1.10 (3.1.10)
\pgflinewidth=\dimen323
) (d:/texlive/2024/texmf-dist/tex/generic/pgf/basiclayer/pgfcoretransformations.code.tex
File: pgfcoretransformations.code.tex 2023-01-15 v3.1.10 (3.1.10)
\pgf@pt@x=\dimen324
\pgf@pt@y=\dimen325
\pgf@pt@temp=\dimen326
) (d:/texlive/2024/texmf-dist/tex/generic/pgf/basiclayer/pgfcorequick.code.tex
File: pgfcorequick.code.tex 2023-01-15 v3.1.10 (3.1.10)
) (d:/texlive/2024/texmf-dist/tex/generic/pgf/basiclayer/pgfcoreobjects.code.tex
File: pgfcoreobjects.code.tex 2023-01-15 v3.1.10 (3.1.10)
) (d:/texlive/2024/texmf-dist/tex/generic/pgf/basiclayer/pgfcorepathprocessing.code.tex
File: pgfcorepathprocessing.code.tex 2023-01-15 v3.1.10 (3.1.10)
) (d:/texlive/2024/texmf-dist/tex/generic/pgf/basiclayer/pgfcorearrows.code.tex
File: pgfcorearrows.code.tex 2023-01-15 v3.1.10 (3.1.10)
\pgfarrowsep=\dimen327
) (d:/texlive/2024/texmf-dist/tex/generic/pgf/basiclayer/pgfcoreshade.code.tex
File: pgfcoreshade.code.tex 2023-01-15 v3.1.10 (3.1.10)
\pgf@max=\dimen328
\pgf@sys@shading@range@num=\count372
\pgf@shadingcount=\count373
) (d:/texlive/2024/texmf-dist/tex/generic/pgf/basiclayer/pgfcoreimage.code.tex
File: pgfcoreimage.code.tex 2023-01-15 v3.1.10 (3.1.10)
) (d:/texlive/2024/texmf-dist/tex/generic/pgf/basiclayer/pgfcoreexternal.code.tex
File: pgfcoreexternal.code.tex 2023-01-15 v3.1.10 (3.1.10)
\pgfexternal@startupbox=\box75
) (d:/texlive/2024/texmf-dist/tex/generic/pgf/basiclayer/pgfcorelayers.code.tex
File: pgfcorelayers.code.tex 2023-01-15 v3.1.10 (3.1.10)
) (d:/texlive/2024/texmf-dist/tex/generic/pgf/basiclayer/pgfcoretransparency.code.tex
File: pgfcoretransparency.code.tex 2023-01-15 v3.1.10 (3.1.10)
) (d:/texlive/2024/texmf-dist/tex/generic/pgf/basiclayer/pgfcorepatterns.code.tex
File: pgfcorepatterns.code.tex 2023-01-15 v3.1.10 (3.1.10)
) (d:/texlive/2024/texmf-dist/tex/generic/pgf/basiclayer/pgfcorerdf.code.tex
File: pgfcorerdf.code.tex 2023-01-15 v3.1.10 (3.1.10)
))) (d:/texlive/2024/texmf-dist/tex/generic/pgf/modules/pgfmoduleshapes.code.tex
File: pgfmoduleshapes.code.tex 2023-01-15 v3.1.10 (3.1.10)
\pgfnodeparttextbox=\box76
) (d:/texlive/2024/texmf-dist/tex/generic/pgf/modules/pgfmoduleplot.code.tex
File: pgfmoduleplot.code.tex 2023-01-15 v3.1.10 (3.1.10)
) (d:/texlive/2024/texmf-dist/tex/latex/pgf/compatibility/pgfcomp-version-0-65.sty
Package: pgfcomp-version-0-65 2023-01-15 v3.1.10 (3.1.10)
\pgf@nodesepstart=\dimen329
\pgf@nodesepend=\dimen330
) (d:/texlive/2024/texmf-dist/tex/latex/pgf/compatibility/pgfcomp-version-1-18.sty
Package: pgfcomp-version-1-18 2023-01-15 v3.1.10 (3.1.10)
)) (d:/texlive/2024/texmf-dist/tex/latex/pgf/utilities/pgffor.sty (d:/texlive/2024/texmf-dist/tex/latex/pgf/utilities/pgfkeys.sty (d:/texlive/2024/texmf-dist/tex/generic/pgf/utilities/pgfkeys.code.tex)) (d:/texlive/2024/texmf-dist/tex/latex/pgf/math/pgfmath.sty (d:/texlive/2024/texmf-dist/tex/generic/pgf/math/pgfmath.code.tex)) (d:/texlive/2024/texmf-dist/tex/generic/pgf/utilities/pgffor.code.tex
Package: pgffor 2023-01-15 v3.1.10 (3.1.10)
\pgffor@iter=\dimen331
\pgffor@skip=\dimen332
\pgffor@stack=\toks52
\pgffor@toks=\toks53
)) (d:/texlive/2024/texmf-dist/tex/generic/pgf/frontendlayer/tikz/tikz.code.tex
Package: tikz 2023-01-15 v3.1.10 (3.1.10)
 (d:/texlive/2024/texmf-dist/tex/generic/pgf/libraries/pgflibraryplothandlers.code.tex
File: pgflibraryplothandlers.code.tex 2023-01-15 v3.1.10 (3.1.10)
\pgf@plot@mark@count=\count374
\pgfplotmarksize=\dimen333
)
\tikz@lastx=\dimen334
\tikz@lasty=\dimen335
\tikz@lastxsaved=\dimen336
\tikz@lastysaved=\dimen337
\tikz@lastmovetox=\dimen338
\tikz@lastmovetoy=\dimen339
\tikzleveldistance=\dimen340
\tikzsiblingdistance=\dimen341
\tikz@figbox=\box77
\tikz@figbox@bg=\box78
\tikz@tempbox=\box79
\tikz@tempbox@bg=\box80
\tikztreelevel=\count375
\tikznumberofchildren=\count376
\tikznumberofcurrentchild=\count377
\tikz@fig@count=\count378
 (d:/texlive/2024/texmf-dist/tex/generic/pgf/modules/pgfmodulematrix.code.tex
File: pgfmodulematrix.code.tex 2023-01-15 v3.1.10 (3.1.10)
\pgfmatrixcurrentrow=\count379
\pgfmatrixcurrentcolumn=\count380
\pgf@matrix@numberofcolumns=\count381
)
\tikz@expandcount=\count382
 (d:/texlive/2024/texmf-dist/tex/generic/pgf/frontendlayer/tikz/libraries/tikzlibrarytopaths.code.tex
File: tikzlibrarytopaths.code.tex 2023-01-15 v3.1.10 (3.1.10)
))) (d:/texlive/2024/texmf-dist/tex/latex/tools/verbatim.sty
Package: verbatim 2024-01-22 v1.5x LaTeX2e package for verbatim enhancements
\every@verbatim=\toks54
\verbatim@line=\toks55
\verbatim@in@stream=\read3
) (d:/texlive/2024/texmf-dist/tex/latex/environ/environ.sty
Package: environ 2014/05/04 v0.3 A new way to define environments
 (d:/texlive/2024/texmf-dist/tex/latex/trimspaces/trimspaces.sty
Package: trimspaces 2009/09/17 v1.1 Trim spaces around a token list
))
\tcb@titlebox=\box81
\tcb@upperbox=\box82
\tcb@lowerbox=\box83
\tcb@phantombox=\box84
\c@tcbbreakpart=\count383
\c@tcblayer=\count384
\c@tcolorbox@number=\count385
\l__tcobox_tmpa_box=\box85
\l__tcobox_tmpa_dim=\dimen342
\tcb@temp=\box86
\tcb@temp=\box87
\tcb@temp=\box88
\tcb@temp=\box89
) (d:/texlive/2024/texmf-dist/tex/latex/tcolorbox/tcblistings.code.tex
Library (tcolorbox): 'tcblistings.code.tex' version '6.4.1'
(d:/texlive/2024/texmf-dist/tex/latex/tcolorbox/tcblistingscore.code.tex
Library (tcolorbox): 'tcblistingscore.code.tex' version '6.4.1'
(d:/texlive/2024/texmf-dist/tex/latex/tcolorbox/tcbprocessing.code.tex
Library (tcolorbox): 'tcbprocessing.code.tex' version '6.4.1'
)
\c@tcblisting=\count386
)) (d:/texlive/2024/texmf-dist/tex/latex/l3backend/l3backend-xetex.def
File: l3backend-xetex.def 2024-05-08 L3 backend support: XeTeX
\g__graphics_track_int=\count387
\l__pdf_internal_box=\box90
\g__pdf_backend_annotation_int=\count388
\g__pdf_backend_link_int=\count389
)
No file main.aux.
\openout1 = `main.aux'.

LaTeX Font Info:    Checking defaults for OML/cmm/m/it on input line 224.
LaTeX Font Info:    ... okay on input line 224.
LaTeX Font Info:    Checking defaults for OMS/cmsy/m/n on input line 224.
LaTeX Font Info:    ... okay on input line 224.
LaTeX Font Info:    Checking defaults for OT1/cmr/m/n on input line 224.
LaTeX Font Info:    ... okay on input line 224.
LaTeX Font Info:    Checking defaults for T1/cmr/m/n on input line 224.
LaTeX Font Info:    ... okay on input line 224.
LaTeX Font Info:    Checking defaults for TS1/cmr/m/n on input line 224.
LaTeX Font Info:    ... okay on input line 224.
LaTeX Font Info:    Checking defaults for TU/lmr/m/n on input line 224.
LaTeX Font Info:    ... okay on input line 224.
LaTeX Font Info:    Checking defaults for OMX/cmex/m/n on input line 224.
LaTeX Font Info:    ... okay on input line 224.
LaTeX Font Info:    Checking defaults for U/cmr/m/n on input line 224.
LaTeX Font Info:    ... okay on input line 224.
LaTeX Font Info:    Checking defaults for C00/song/m/n on input line 224.
LaTeX Font Info:    ... okay on input line 224.
LaTeX Font Info:    Checking defaults for C05/song/m/n on input line 224.
LaTeX Font Info:    ... okay on input line 224.
LaTeX Font Info:    Checking defaults for C09/song/m/n on input line 224.
LaTeX Font Info:    ... okay on input line 224.
LaTeX Font Info:    Checking defaults for C10/song/m/n on input line 224.
LaTeX Font Info:    ... okay on input line 224.
LaTeX Font Info:    Checking defaults for C20/song/m/n on input line 224.
LaTeX Font Info:    ... okay on input line 224.
LaTeX Font Info:    Checking defaults for C19/song/m/n on input line 224.
LaTeX Font Info:    ... okay on input line 224.
LaTeX Font Info:    Checking defaults for C40/song/m/n on input line 224.
LaTeX Font Info:    ... okay on input line 224.
LaTeX Font Info:    Checking defaults for C42/song/m/n on input line 224.
LaTeX Font Info:    ... okay on input line 224.
LaTeX Font Info:    Checking defaults for C43/song/m/n on input line 224.
LaTeX Font Info:    ... okay on input line 224.
LaTeX Font Info:    Checking defaults for C50/song/m/n on input line 224.
LaTeX Font Info:    ... okay on input line 224.
LaTeX Font Info:    Checking defaults for C52/song/m/n on input line 224.
LaTeX Font Info:    ... okay on input line 224.
LaTeX Font Info:    Checking defaults for C49/song/m/n on input line 224.
LaTeX Font Info:    ... okay on input line 224.
LaTeX Font Info:    Checking defaults for C60/mj/m/n on input line 224.
LaTeX Font Info:    ... okay on input line 224.
LaTeX Font Info:    Checking defaults for C61/mj/m/n on input line 224.
LaTeX Font Info:    ... okay on input line 224.
LaTeX Font Info:    Checking defaults for C63/mj/m/n on input line 224.
LaTeX Font Info:    ... okay on input line 224.
LaTeX Font Info:    Checking defaults for C64/mj/m/n on input line 224.
LaTeX Font Info:    ... okay on input line 224.
LaTeX Font Info:    Checking defaults for C65/mj/m/n on input line 224.
LaTeX Font Info:    ... okay on input line 224.
LaTeX Font Info:    Checking defaults for C70/song/m/n on input line 224.
LaTeX Font Info:    ... okay on input line 224.
LaTeX Font Info:    Checking defaults for C31/song/m/n on input line 224.
LaTeX Font Info:    ... okay on input line 224.
LaTeX Font Info:    Checking defaults for C32/song/m/n on input line 224.
LaTeX Font Info:    ... okay on input line 224.
LaTeX Font Info:    Checking defaults for C33/song/m/n on input line 224.
LaTeX Font Info:    ... okay on input line 224.
LaTeX Font Info:    Checking defaults for C34/song/m/n on input line 224.
LaTeX Font Info:    ... okay on input line 224.
LaTeX Font Info:    Checking defaults for C35/song/m/n on input line 224.
LaTeX Font Info:    ... okay on input line 224.
LaTeX Font Info:    Checking defaults for C36/song/m/n on input line 224.
LaTeX Font Info:    ... okay on input line 224.
LaTeX Font Info:    Checking defaults for C37/song/m/n on input line 224.
LaTeX Font Info:    ... okay on input line 224.
LaTeX Font Info:    Checking defaults for C80/song/m/n on input line 224.
LaTeX Font Info:    ... okay on input line 224.
LaTeX Font Info:    Checking defaults for C81/song/m/n on input line 224.
LaTeX Font Info:    ... okay on input line 224.
LaTeX Font Info:    Checking defaults for C01/song/m/n on input line 224.
LaTeX Font Info:    ... okay on input line 224.
LaTeX Font Info:    Checking defaults for C11/song/m/n on input line 224.
LaTeX Font Info:    ... okay on input line 224.
LaTeX Font Info:    Checking defaults for C21/song/m/n on input line 224.
LaTeX Font Info:    ... okay on input line 224.
LaTeX Font Info:    Checking defaults for C41/song/m/n on input line 224.
LaTeX Font Info:    ... okay on input line 224.
LaTeX Font Info:    Checking defaults for C62/song/m/n on input line 224.
LaTeX Font Info:    ... okay on input line 224.
LaTeX Font Info:    Checking defaults for PD1/pdf/m/n on input line 224.
LaTeX Font Info:    ... okay on input line 224.
LaTeX Font Info:    Checking defaults for PU/pdf/m/n on input line 224.
LaTeX Font Info:    ... okay on input line 224.
Package caption Info: Begin \AtBeginDocument code.
Package caption Info: hyperref package is loaded.
Package caption Info: listings package is loaded.
Package caption Info: End \AtBeginDocument code.
Package hyperref Info: Link coloring ON on input line 224.
\@outlinefile=\write5
\openout5 = `main.out'.


Package hyperref Warning: Rerun to get /PageLabels entry.

\c@lstlisting=\count390
LaTeX Font Info:    Trying to load font information for OMX+yhex on input line 258.
(d:/texlive/2024/texmf-dist/tex/latex/yhmath/OMXyhex.fd
File: OMXyhex.fd 
File: OMXyhex.fd 2013/07/03 v1.1 YH's humble contribution to TeX maths (NP)
)
LaTeX Font Info:    Trying to load font information for U+rsfs on input line 258.
 (d:/texlive/2024/texmf-dist/tex/latex/jknapltx/ursfs.fd
File: ursfs.fd 1998/03/24 rsfs font definition file (jk)
)
Underfull \vbox (badness 10000) has occurred while \output is active []



[1

]

Package natbib Warning: Citation `ben1998robust' on page 2 undefined on input line 271.


Package natbib Warning: Citation `el1998robust' on page 2 undefined on input line 271.


Package natbib Warning: Citation `bertsimas2004price' on page 2 undefined on input line 271.


Package natbib Warning: Citation `wang2023learning' on page 2 undefined on input line 275.


Package natbib Warning: Citation `bandi2012tractable' on page 2 undefined on input line 277.


Package natbib Warning: Citation `ben2013robust' on page 2 undefined on input line 278.


Package natbib Warning: Citation `Bertsimas_Gupta_Kallus_2018data' on page 2 undefined on input line 278.


Package natbib Warning: Citation `hong2021learning' on page 2 undefined on input line 279.


Package natbib Warning: Citation `Elmachtoub_Grigas_2021smart' on page 2 undefined on input line 279.


Package natbib Warning: Citation `wang2023learning' on page 2 undefined on input line 279.



[2]

Package natbib Warning: Citation `Zhu_Xie_Sim_2021joint' on page 3 undefined on input line 284.


Package natbib Warning: Citation `bertsimas2022bootstrap' on page 3 undefined on input line 284.


Package natbib Warning: Citation `Esteban_Morales_2021distributionally' on page 3 undefined on input line 284.


Package natbib Warning: Citation `Bertsimas_McCord_Sturt_2022dynamic' on page 3 undefined on input line 284.


Package natbib Warning: Citation `bertsimas2004price' on page 3 undefined on input line 286.


Package natbib Warning: Citation `bertsimas2021probabilistic' on page 3 undefined on input line 291.



[3]

Package natbib Warning: Citation `Brown_Sim_2009' on page 4 undefined on input line 293.


Package natbib Warning: Citation `BenTal_et_al_2017globalized' on page 4 undefined on input line 293.


Package natbib Warning: Citation `Long_Sim_Zhou_2023robust' on page 4 undefined on input line 297.


Package natbib Warning: Citation `liu2023globalized' on page 4 undefined on input line 297.


Package natbib Warning: Citation `sim2024analytics' on page 4 undefined on input line 297.


Package natbib Warning: Citation `hong2021learning' on page 4 undefined on input line 301.


Package natbib Warning: Citation `sun2004computation' on page 4 undefined on input line 302.


Package natbib Warning: Citation `mittal2022finding' on page 4 undefined on input line 302.


Package natbib Warning: Citation `ahipacsaouglu2015fast' on page 4 undefined on input line 302.


Package natbib Warning: Citation `van2009minimum' on page 4 undefined on input line 302.


Package natbib Warning: Citation `rousseeuw2011robust' on page 4 undefined on input line 302.


Package natbib Warning: Citation `Zhu_Xie_Sim_2021joint' on page 4 undefined on input line 304.


Package natbib Warning: Citation `Chen_Sim_Xiong_2020robust' on page 4 undefined on input line 305.


Package natbib Warning: Citation `Chen_Xiong_rsome' on page 4 undefined on input line 305.



[4]

LaTeX Warning: Reference `thm:StatisticalJustification' on page 1 undefined on input line 310.


LaTeX Warning: Reference `sec:robust_satisficing_decision_framework' on page 5 undefined on input line 310.


LaTeX Warning: Reference `sec:OutcomeUncertaintyData' on page 5 undefined on input line 312.


LaTeX Warning: Reference `sec:MVCSEfromData' on page 5 undefined on input line 312.


LaTeX Warning: Reference `sec:IntegerPowerCone' on page 5 undefined on input line 312.


LaTeX Warning: Reference `sec:prediction_with_side_info' on page 5 undefined on input line 314.



[5]

LaTeX Warning: Reference `sec:uncertainty_metric_RO' on page 6 undefined on input line 321.


LaTeX Warning: Reference `sec:robust_satisficing_decision_framework' on page 6 undefined on input line 321.


LaTeX Warning: Reference `sec:OutcomeUncertaintyData' on page 6 undefined on input line 321.


LaTeX Warning: Reference `sec:MVCSEfromData' on page 6 undefined on input line 321.


LaTeX Warning: Reference `sec:EstimatioUncertaintyData' on page 6 undefined on input line 321.


LaTeX Warning: Reference `sec:prediction_with_side_info' on page 6 undefined on input line 321.


LaTeX Warning: Reference `sec:case_study' on page 6 undefined on input line 321.


LaTeX Warning: Reference `sec:con' on page 6 undefined on input line 321.



[6]

LaTeX Warning: Reference `equ:ROC' on page 7 undefined on input line 391.



[7]

LaTeX Warning: Reference `equ:ROC' on page 8 undefined on input line 411.



[8]

LaTeX Warning: Reference `equ:ROC' on page 9 undefined on input line 433.


LaTeX Warning: Reference `eq:ComprehensiveRobustConstraint' on page 9 undefined on input line 434.


LaTeX Warning: Reference `equ:ROC' on page 9 undefined on input line 434.


LaTeX Warning: Reference `eq:ComprehensiveRobustConstraint' on page 9 undefined on input line 436.


LaTeX Warning: Reference `eq:ComprehensiveRobustConstraint' on page 9 undefined on input line 439.


Package natbib Warning: Citation `BenTal_et_al_2017globalized' on page 9 undefined on input line 444.


LaTeX Warning: Reference `eq:ComprehensiveRobustConstraint' on page 9 undefined on input line 449.


Package natbib Warning: Citation `bertsimas2004price' on page 9 undefined on input line 453.


LaTeX Warning: Reference `eq:ComprehensiveRobustConstraint' on page 9 undefined on input line 455.


Package natbib Warning: Citation `Zhu_Xie_Sim_2021joint' on page 9 undefined on input line 459.


Package natbib Warning: Citation `sim2024analytics' on page 9 undefined on input line 461.


LaTeX Warning: Reference `eq:ComprehensiveRobustConstraint' on page 9 undefined on input line 461.



[9]

LaTeX Warning: Reference `eq:ComprehensiveRobustConstraint' on page 10 undefined on input line 467.


LaTeX Warning: Reference `eq:ComprehensiveRobustConstraint' on page 10 undefined on input line 476.


LaTeX Warning: Reference `eq:ComprehensiveRobustConstraint' on page 10 undefined on input line 480.


LaTeX Warning: Reference `thm:StatisticalJustification' on page 1 undefined on input line 486.


LaTeX Warning: Reference `eq:ComprehensiveRobustConstraint' on page 10 undefined on input line 500.


Package natbib Warning: Citation `BenTal_et_al_2017globalized' on page 10 undefined on input line 500.


Package natbib Warning: Citation `Long_Sim_Zhou_2023robust' on page 10 undefined on input line 500.



[10]

Package natbib Warning: Citation `sim2024analytics' on page 11 undefined on input line 550.



[11]

[12]

LaTeX Warning: Reference `mod:MinStdProblem' on page 13 undefined on input line 588.


Package natbib Warning: Citation `demiguel2009optimal' on page 13 undefined on input line 606.


LaTeX Warning: Reference `mod:MinInfiniteNormPortfolioProblem' on page 13 undefined on input line 606.


Package natbib Warning: Citation `bertsimas2006tractable' on page 13 undefined on input line 619.


Package natbib Warning: Citation `bertsimas2004robust' on page 13 undefined on input line 619.



[13]

LaTeX Warning: Reference `thm:StatisticalJustification' on page 1 undefined on input line 645.


LaTeX Warning: Reference `eq:ComprehensiveRobustConstraint' on page 14 undefined on input line 645.



[14]

LaTeX Warning: Reference `thm:chap8:ConfidenceRegionBound' on page 1 undefined on input line 685.


Overfull \hbox (6.01024pt too wide) detected at line 692
[]\OT1/cmr/m/n/11 (\OMS/cmsy/m/n/10.95 B\OT1/cmr/m/n/11 ([]\OML/cmm/m/it/11 ; \OT1/cmr/bx/n/11 D\OML/cmm/m/it/11 ; ^^M\OT1/cmr/m/n/11 )) = [][] d\OML/cmm/b/it/11 z \OT1/cmr/m/n/11 = [][] \OMS/cmsy/m/n/10.95 j []\OT1/cmr/m/n/11 (\OT1/cmr/bx/n/11 D\OT1/cmr/m/n/11 )\OMS/cmsy/m/n/10.95 j\OT1/cmr/m/n/11 d\OML/cmm/b/it/11 v \OT1/cmr/m/n/11 = \OMS/cmsy/m/n/10.95 j []\OT1/cmr/m/n/11 (\OT1/cmr/bx/n/11 D\OT1/cmr/m/n/11 )\OMS/cmsy/m/n/10.95 j ^^A []\OT1/cmr/m/n/11 (\OMS/cmsy/m/n/10.95 B\OT1/cmr/m/n/11 (\OT1/cmr/bx/n/11 0\OML/cmm/m/it/11 ; \OT1/cmr/bx/n/11 I\OML/cmm/m/it/11 ; ^^M\OT1/cmr/m/n/11 )) \OMS/cmsy/m/n/10.95 / j []\OT1/cmr/m/n/11 (\OT1/cmr/bx/n/11 D\OT1/cmr/m/n/11 )\OMS/cmsy/m/n/10.95 j\OML/cmm/m/it/11 :
 []


LaTeX Warning: Reference `thm:chap8:ConfidenceRegionBound' on page 1 undefined on input line 693.



[15]

LaTeX Warning: Reference `prob:MVCS' on page 16 undefined on input line 704.


LaTeX Warning: Reference `prob:MVCS' on page 16 undefined on input line 704.


LaTeX Warning: Reference `prob:MVCS' on page 16 undefined on input line 706.


LaTeX Warning: Reference `prob:MVCS' on page 16 undefined on input line 708.


LaTeX Warning: Reference `prob:MVCS' on page 16 undefined on input line 708.


LaTeX Warning: Reference `prob:MVCS' on page 16 undefined on input line 708.


LaTeX Warning: Reference `prob:MVCS' on page 16 undefined on input line 715.


LaTeX Warning: Reference `prob:MVCS' on page 16 undefined on input line 715.


LaTeX Warning: Reference `prob:MVCS' on page 16 undefined on input line 720.


LaTeX Warning: Reference `prob:MVCSESpecial' on page 16 undefined on input line 732.



[16]

LaTeX Warning: Reference `prob:MVCS' on page 17 undefined on input line 741.


LaTeX Warning: Reference `chap8:thm:GaussianMVCSE' on page 1 undefined on input line 745.


LaTeX Warning: Reference `chap8:thm:QuadraticMVCSE' on page 1 undefined on input line 745.


Package natbib Warning: Citation `chen2007robust' on page 17 undefined on input line 767.



[17]

LaTeX Warning: Reference `prob:MVCS' on page 18 undefined on input line 794.


LaTeX Warning: Reference `prob:MVCS' on page 18 undefined on input line 806.


LaTeX Warning: Reference `prob:MVCSE' on page 18 undefined on input line 828.


LaTeX Warning: Reference `prob:MVCS' on page 18 undefined on input line 828.


LaTeX Warning: Reference `prob:MVCSE' on page 18 undefined on input line 828.


LaTeX Warning: Reference `prob:MVCSE' on page 18 undefined on input line 830.


LaTeX Warning: Reference `prob:MVCSE' on page 18 undefined on input line 834.



[18]

LaTeX Warning: Reference `prob:MVCSEDtoQ' on page 19 undefined on input line 844.


LaTeX Warning: Reference `prob:MVCSEDtoQ' on page 19 undefined on input line 844.


LaTeX Warning: Reference `prob:MVCSEDtoQ' on page 19 undefined on input line 847.


LaTeX Warning: Reference `sec:IntegerPowerCone' on page 19 undefined on input line 851.


LaTeX Warning: Reference `prob:MVCSEDtoQ' on page 19 undefined on input line 859.


Package natbib Warning: Citation `todd2016minimum' on page 19 undefined on input line 859.


Package natbib Warning: Citation `sun2004computation' on page 19 undefined on input line 859.



[19]

LaTeX Warning: Reference `prob:MVCSESpecial' on page 20 undefined on input line 864.


LaTeX Warning: Reference `prob:MVCSE' on page 20 undefined on input line 868.


LaTeX Warning: Reference `chap8:thm:MinimumVolumeDtoQ' on page 1 undefined on input line 879.


LaTeX Warning: Reference `prob:MVCSEDtoQSeparate' on page 20 undefined on input line 889.


LaTeX Warning: Reference `prob:MVCSEDtoQSeparate' on page 20 undefined on input line 891.



[20]

LaTeX Warning: Reference `prob:MVCSESpecialDiagonal' on page 21 undefined on input line 904.


LaTeX Warning: Reference `chap8:thm:MinimumVolumeSpecialDiagonal' on page 1 undefined on input line 917.


LaTeX Warning: Reference `prob:MVCSE' on page 21 undefined on input line 919.


LaTeX Warning: Reference `prob:MVCSE' on page 21 undefined on input line 921.


LaTeX Warning: Reference `prob:MVCSEAsymmetricRegionEstimation' on page 21 undefined on input line 932.


LaTeX Warning: Reference `chap8:thm:MinimumVolumeDtoQ' on page 1 undefined on input line 932.



[21]

LaTeX Warning: Reference `prob:MVCSEAsymmetry_Sub2' on page 22 undefined on input line 944.


LaTeX Warning: Reference `prob:MVCSEAsymmetry_Sub2' on page 22 undefined on input line 947.


LaTeX Warning: Reference `prob:MVCSEAsymmetry2' on page 22 undefined on input line 959.


LaTeX Warning: Reference `prob:MVCSEAsymmetry2' on page 22 undefined on input line 959.


LaTeX Warning: Reference `prob:MVCSEAsymmetry2' on page 22 undefined on input line 962.


LaTeX Warning: Reference `eq:ComprehensiveRobustConstraint' on page 22 undefined on input line 970.



[22]

LaTeX Warning: Reference `chap5:thm:SimplifiedJointCriterion' on page 1 undefined on input line 977.


Package natbib Warning: Citation `Zhu_Xie_Sim_2021joint' on page 23 undefined on input line 979.


LaTeX Warning: Reference `prob:MVCSE' on page 23 undefined on input line 983.


LaTeX Warning: Reference `prob:MVCSE' on page 23 undefined on input line 983.



[23]

Package natbib Warning: Citation `Zhu_Xie_Sim_2021joint' on page 24 undefined on input line 1017.



[24]

LaTeX Warning: Reference `prob:MVCSE' on page 25 undefined on input line 1045.


LaTeX Warning: Reference `prob:MVCSE_Side_Info' on page 25 undefined on input line 1059.



[25]

LaTeX Warning: Reference `prob:MVCSE_Side_Convex' on page 26 undefined on input line 1068.


LaTeX Warning: Reference `prob:MVCSE_Side_Info' on page 26 undefined on input line 1074.


Package natbib Warning: Citation `Zhu_Xie_Sim_2021joint' on page 26 undefined on input line 1084.



[26]

LaTeX Warning: Reference `prob:MVCSE' on page 27 undefined on input line 1111.


LaTeX Warning: Reference `chap8:thm:MVCSESideInformationL2' on page 1 undefined on input line 1111.


LaTeX Warning: Reference `prob:MVCSE' on page 27 undefined on input line 1116.


LaTeX Warning: Reference `prob:MVCSE' on page 27 undefined on input line 1119.


LaTeX Warning: Reference `prob:MVCSE' on page 27 undefined on input line 1120.


LaTeX Warning: Reference `fig:Symmetric_MVCSE_outlier_p1_p2' on page 27 undefined on input line 1123.


LaTeX Warning: Reference `sec:sensitive_input' on page 27 undefined on input line 1123.

File: Figures/Symmetric_MVCSE_outlier.png Graphic file (type bmp)
<Figures/Symmetric_MVCSE_outlier.png>

LaTeX Warning: Reference `prob:MVCSE' on page 27 undefined on input line 1129.


LaTeX Warning: Reference `prob:MVCSE' on page 27 undefined on input line 1139.


Package natbib Warning: Citation `azzalini1999statistical' on page 27 undefined on input line 1139.


LaTeX Warning: Reference `prob:MVCSE' on page 27 undefined on input line 1139.


LaTeX Warning: Reference `prob:MVCSEAsymmetry_Sub2' on page 27 undefined on input line 1139.


LaTeX Warning: Reference `prob:MVCSEAsymmetricRegionEstimation' on page 27 undefined on input line 1139.


LaTeX Warning: Reference `thm:chap8:ConfidenceRegionBound' on page 1 undefined on input line 1139.


LaTeX Warning: Reference `fig:Symmetric_Asymmetric_MVCSE_Skew_Normal' on page 27 undefined on input line 1139.



[27]
File: Figures/Asymmetric_skew_normal.png Graphic file (type bmp)
<Figures/Asymmetric_skew_normal.png>


LaTeX Warning: Reference `prob:MVCSE' on page 28 undefined on input line 1144.


LaTeX Warning: Reference `prob:MVCSE' on page 28 undefined on input line 1148.


LaTeX Warning: Reference `thm:chap8:ConfidenceRegionBound' on page 1 undefined on input line 1148.


LaTeX Warning: Reference `fig:confidence_level_sym_asym' on page 28 undefined on input line 1148.



[28]
File: Figures/Asymmetric_skew_normal_L2.png Graphic file (type bmp)
<Figures/Asymmetric_skew_normal_L2.png>
File: Figures/Asymmetric_normal_Prop.png Graphic file (type bmp)
<Figures/Asymmetric_normal_Prop.png>


LaTeX Warning: Reference `prob:MVCSE' on page 29 undefined on input line 1164.


LaTeX Warning: Reference `fig:asymmetric_w_side' on page 29 undefined on input line 1164.



[29]
File: Figures/Asymmetric_w_side_residual.png Graphic file (type bmp)
<Figures/Asymmetric_w_side_residual.png>
File: Figures/Asymmetric_w_side_residual2.png Graphic file (type bmp)
<Figures/Asymmetric_w_side_residual2.png>


LaTeX Warning: Reference `prob:MVCSE' on page 30 undefined on input line 1174.



[30]

Package natbib Warning: Citation `boutilier2020ambulance' on page 31 undefined on input line 1194.


Package natbib Warning: Citation `peng2020probabilistic' on page 31 undefined on input line 1194.


Package natbib Warning: Citation `calafiore2005uncertain' on page 31 undefined on input line 1196.


Package natbib Warning: Citation `calafiore2005uncertain' on page 31 undefined on input line 1217.


LaTeX Warning: Reference `Empirical_Problem' on page 31 undefined on input line 1217.


LaTeX Warning: Reference `Empirical_Problem' on page 31 undefined on input line 1219.


LaTeX Warning: Reference `sec:robust_satisficing_decision_framework' on page 31 undefined on input line 1219.


LaTeX Warning: Reference `Empirical_Problem' on page 31 undefined on input line 1220.



[31]

LaTeX Warning: Reference `prob:MVCSE' on page 32 undefined on input line 1233.


LaTeX Warning: Reference `BudgetedExact2' on page 32 undefined on input line 1246.


Package natbib Warning: Citation `Bental_Goryashko_Guslitzer_Nemirovski_2004adjustable' on page 32 undefined on input line 1246.


Package natbib Warning: Citation `atamturk2007two' on page 32 undefined on input line 1246.


Package natbib Warning: Citation `chen2023occam' on page 32 undefined on input line 1247.


LaTeX Warning: Reference `BudgetedExact2' on page 32 undefined on input line 1257.



[32]

LaTeX Warning: Reference `sec:robust_satisficing_decision_framework' on page 33 undefined on input line 1277.


LaTeX Warning: Reference `Empirical_Problem' on page 33 undefined on input line 1290.


LaTeX Warning: Reference `prob:Budgeted_Allocation_Problem' on page 33 undefined on input line 1292.


LaTeX Warning: Reference `prob:tolerated_Allocation_Problem' on page 33 undefined on input line 1292.


LaTeX Warning: Reference `sec:robust_satisficing_decision_framework' on page 33 undefined on input line 1292.


LaTeX Warning: Reference `sec:code_numerical' on page 33 undefined on input line 1292.


LaTeX Warning: Reference `fig:network:15nodes_30arcs' on page 33 undefined on input line 1294.


LaTeX Warning: Reference `sec:additional_figures' on page 33 undefined on input line 1294.


LaTeX Warning: Reference `prob:MVCSE' on page 33 undefined on input line 1295.



[33]

LaTeX Warning: Reference `fig:Allocation_performance' on page 34 undefined on input line 1300.


LaTeX Warning: Reference `fig:Allocation_performance' on page 34 undefined on input line 1300.


LaTeX Warning: Reference `sec:additional_figures' on page 34 undefined on input line 1300.

File: Figures/Infeasibility_Omega40_normal.png Graphic file (type bmp)
<Figures/Infeasibility_Omega40_normal.png>

LaTeX Warning: Reference `Empirical_Problem' on page 34 undefined on input line 1305.


LaTeX Warning: Reference `prob:Budgeted_Allocation_Problem' on page 34 undefined on input line 1305.


LaTeX Warning: Reference `prob:tolerated_Allocation_Problem' on page 34 undefined on input line 1305.


LaTeX Warning: Reference `prob:Budgeted_Allocation_Problem' on page 34 undefined on input line 1309.


LaTeX Warning: Reference `prob:tolerated_Allocation_Problem' on page 34 undefined on input line 1309.


LaTeX Warning: Reference `Empirical_Problem' on page 34 undefined on input line 1309.


LaTeX Warning: Reference `Empirical_Problem' on page 34 undefined on input line 1309.


LaTeX Warning: Reference `Empirical_Problem' on page 34 undefined on input line 1309.


LaTeX Warning: Reference `Empirical_Problem' on page 34 undefined on input line 1309.


LaTeX Warning: Reference `prob:tolerated_Allocation_Problem' on page 34 undefined on input line 1309.


LaTeX Warning: Reference `prob:tolerated_Allocation_Problem' on page 34 undefined on input line 1310.


LaTeX Warning: Reference `prob:tolerated_Allocation_Problem' on page 34 undefined on input line 1310.


LaTeX Warning: Reference `prob:Budgeted_Allocation_Problem' on page 34 undefined on input line 1310.


LaTeX Warning: Reference `prob:Budgeted_Allocation_Problem' on page 34 undefined on input line 1311.


LaTeX Warning: Reference `prob:tolerated_Allocation_Problem' on page 34 undefined on input line 1311.


LaTeX Warning: Reference `sec:robust_satisficing_decision_framework' on page 34 undefined on input line 1311.


LaTeX Warning: Reference `prob:Budgeted_Allocation_Problem' on page 34 undefined on input line 1313.


LaTeX Warning: Reference `prob:tolerated_Allocation_Problem' on page 34 undefined on input line 1313.


LaTeX Warning: Reference `fig:3model_without_outliers' on page 34 undefined on input line 1314.


LaTeX Warning: Reference `fig:3model_w_outliers' on page 34 undefined on input line 1314.


LaTeX Warning: Reference `Empirical_Problem' on page 34 undefined on input line 1314.


LaTeX Warning: Reference `prob:MVCSE' on page 34 undefined on input line 1314.


LaTeX Warning: Reference `prob:Budgeted_Allocation_Problem' on page 34 undefined on input line 1314.


LaTeX Warning: Reference `prob:tolerated_Allocation_Problem' on page 34 undefined on input line 1314.


LaTeX Warning: Reference `prob:MVCSE' on page 34 undefined on input line 1314.

File: Figures/Infeasibility_Omega40_normal_comparison_3models.png Graphic file (type bmp)
<Figures/Infeasibility_Omega40_normal_comparison_3models.png>
File: Figures/Infeasibility_Omega40_normal_outlier_comparison_3models.png Graphic file (type bmp)
<Figures/Infeasibility_Omega40_normal_outlier_comparison_3models.png>


[34]

[35]

LaTeX Warning: Reference `prob:MVCS' on page 36 undefined on input line 1334.


LaTeX Warning: Reference `prob:MVCSE' on page 36 undefined on input line 1334.

No file main.bbl.


[36]

[37]

LaTeX Warning: Reference `thm:StatisticalJustification' on page 1 undefined on input line 1350.


LaTeX Warning: Reference `eq:ComprehensiveRobustConstraint' on page 38 undefined on input line 1351.


LaTeX Warning: Reference `thm:chap8:ConfidenceRegionBound' on page 1 undefined on input line 1370.


LaTeX Warning: Reference `chap8:thm:MinVolSolutionSymmetric' on page 1 undefined on input line 1386.


LaTeX Warning: Reference `prob:MVCS' on page 38 undefined on input line 1387.



[38]

LaTeX Warning: Reference `chap8:thm:QuadraticMVCSE' on page 1 undefined on input line 1417.


LaTeX Warning: Reference `prob:MVCSESpecial' on page 39 undefined on input line 1426.


LaTeX Warning: Reference `prob:MVCSESpecialTmp1' on page 39 undefined on input line 1440.


LaTeX Warning: Reference `prob:MVCSESpecialTmp1' on page 39 undefined on input line 1445.


LaTeX Warning: Reference `prob:MVCSESpecialTmp2' on page 39 undefined on input line 1455.



[39]

LaTeX Warning: Reference `chap8:thm:GaussianMVCSE' on page 1 undefined on input line 1470.


LaTeX Warning: Reference `chap8:thm:MinVolSolutionSymmetric' on page 1 undefined on input line 1471.


LaTeX Warning: Reference `prob:MVCSESpecialSym2' on page 40 undefined on input line 1471.


LaTeX Warning: Reference `prob:MVCSESpecialSym3' on page 40 undefined on input line 1497.


LaTeX Warning: Reference `chap8:eq:MinimumVolumeSpecialGaussian_Grad' on page 40 undefined on input line 1511.



[40]

LaTeX Warning: Reference `prob:MVCSESpecialSym3' on page 41 undefined on input line 1519.


LaTeX Warning: Reference `thm:AsymmetricRegion2' on page 1 undefined on input line 1524.


LaTeX Warning: Reference `eq:AsymmetricRegion' on page 41 undefined on input line 1525.


LaTeX Warning: Reference `eq:AsymmetricRegion2' on page 41 undefined on input line 1525.


Package natbib Warning: Citation `bertsimas2006tractable' on page 41 undefined on input line 1531.


LaTeX Warning: Reference `eq:AsymmetricRegion2' on page 41 undefined on input line 1531.


LaTeX Warning: Reference `eq:AsymmetricRegion' on page 41 undefined on input line 1540.


LaTeX Warning: Reference `thm:asymmetricalvolume' on page 1 undefined on input line 1545.



[41]

LaTeX Warning: Reference `chap8:thm:MinimumVolumeDtoQ' on page 1 undefined on input line 1574.


LaTeX Warning: Reference `prob:MVCSEDtoQ' on page 42 undefined on input line 1605.


LaTeX Warning: Reference `prob:MVCSE' on page 42 undefined on input line 1607.


LaTeX Warning: Reference `prob:MVCSEDtoQ' on page 42 undefined on input line 1608.



[42]

LaTeX Warning: Reference `chap8:thm:MinimumVolumeSpecialDiagonal' on page 1 undefined on input line 1613.


LaTeX Warning: Reference `prob:MVCSESpecialDiagonal' on page 43 undefined on input line 1614.


LaTeX Warning: Reference `thm:MVCSEAsymmetry_reformulation' on page 1 undefined on input line 1643.


LaTeX Warning: Reference `prob:MVCSEAsymmetry_Sub2' on page 43 undefined on input line 1644.


LaTeX Warning: Reference `prob:MVCSEAsymmetry_Sub2' on page 43 undefined on input line 1645.



[43]

LaTeX Warning: Reference `prob:MVCSEAsymmetry2' on page 44 undefined on input line 1658.


LaTeX Warning: Reference `chap5:thm:SimplifiedJointCriterion' on page 44 undefined on input line 1663.


LaTeX Warning: Reference `eq:ComprehensiveRobustConstraint' on page 44 undefined on input line 1664.



[44]

LaTeX Warning: Reference `thm:sideinfo' on page 1 undefined on input line 1727.


LaTeX Warning: Reference `chap8:thm:MinimumVolumeDtoQ' on page 1 undefined on input line 1728.


LaTeX Warning: Reference `chap8:thm:MVCSESideInformationL2' on page 1 undefined on input line 1733.


LaTeX Warning: Reference `prob:MVCSE_Side_Info' on page 45 undefined on input line 1734.


LaTeX Warning: Reference `prob:MVCSE_Side_Info_toW' on page 45 undefined on input line 1764.



[45]

LaTeX Warning: Reference `prob:MVCSE_Side_Info_toW2' on page 46 undefined on input line 1794.


LaTeX Warning: Reference `chap8:thm:OLS_side_info' on page 1 undefined on input line 1799.



[46]

LaTeX Warning: Reference `eq:ch8:OLS_Pred_Loss' on page 47 undefined on input line 1833.



[47]

[48]

[49]

LaTeX Warning: Reference `thm:IntegerPowerConvert' on page 1 undefined on input line 2053.



[50]

LaTeX Warning: Reference `prob:MVCSE' on page 51 undefined on input line 2074.


LaTeX Warning: Reference `prob:MVCSE' on page 51 undefined on input line 2074.


LaTeX Warning: Reference `tab:estimation_normal_uniform' on page 51 undefined on input line 2080.


Overfull \hbox (3.2868pt too wide) in paragraph at lines 2101--2101
[]|\TU/lmr/m/n/8 138.39| 
 []


Overfull \hbox (3.2868pt too wide) in paragraph at lines 2101--2101
[]|\TU/lmr/m/n/8 221.50| 
 []


Overfull \hbox (3.2868pt too wide) in paragraph at lines 2101--2101
[]|\TU/lmr/m/n/8 141.85| 
 []


Overfull \hbox (3.2868pt too wide) in paragraph at lines 2101--2101
[]|\TU/lmr/m/n/8 226.24| 
 []


Overfull \hbox (3.2868pt too wide) in paragraph at lines 2101--2101
[]|\TU/lmr/m/n/8 102.58| 
 []


Overfull \hbox (3.2868pt too wide) in paragraph at lines 2101--2101
[]|\TU/lmr/m/n/8 100.05| 
 []


Package natbib Warning: Citation `rohatgi2015introduction' on page 51 undefined on input line 2109.


Package natbib Warning: Citation `bar1985minimum' on page 51 undefined on input line 2109.


LaTeX Warning: Reference `chap8:thm:MinimumVolumeSpecialDiagonal' on page 1 undefined on input line 2110.



[51]

LaTeX Warning: Reference `tab:estimation_normal_uniform' on page 52 undefined on input line 2112.


LaTeX Warning: Reference `prob:MVCSE' on page 52 undefined on input line 2112.

File: Figures/graph_Recourse.png Graphic file (type bmp)
<Figures/graph_Recourse.png>

Underfull \vbox (badness 10000) has occurred while \output is active []



[52]

LaTeX Warning: Reference `prob:tolerated_Allocation_Problem' on page 53 undefined on input line 2128.


LaTeX Warning: Reference `prob:Budgeted_Allocation_Problem' on page 53 undefined on input line 2128.


LaTeX Warning: Reference `Empirical_Problem' on page 53 undefined on input line 2128.


LaTeX Warning: Reference `fig:Allocation_performance_replication_RS' on page 53 undefined on input line 2128.


LaTeX Warning: Reference `fig:Allocation_performance_replication_RO' on page 53 undefined on input line 2128.


LaTeX Warning: Reference `prob:tolerated_Allocation_Problem' on page 53 undefined on input line 2128.


LaTeX Warning: Reference `Empirical_Problem' on page 53 undefined on input line 2128.


LaTeX Warning: Reference `prob:Budgeted_Allocation_Problem' on page 53 undefined on input line 2128.


LaTeX Warning: Reference `Empirical_Problem' on page 53 undefined on input line 2128.



[53]
File: Figures/Infeasibility_Omega40_replication_RO.png Graphic file (type bmp)
<Figures/Infeasibility_Omega40_replication_RO.png>


LaTeX Warning: Reference `Empirical_Problem' on page 54 undefined on input line 2134.


LaTeX Warning: Reference `prob:Budgeted_Allocation_Problem' on page 54 undefined on input line 2134.


LaTeX Warning: Reference `Empirical_Problem' on page 54 undefined on input line 2138.


LaTeX Warning: Reference `prob:Budgeted_Allocation_Problem' on page 54 undefined on input line 2138.

File: Figures/Infeasibility_Omega40_replication_RS.png Graphic file (type bmp)
<Figures/Infeasibility_Omega40_replication_RS.png>

LaTeX Warning: Reference `Empirical_Problem' on page 54 undefined on input line 2144.


LaTeX Warning: Reference `prob:tolerated_Allocation_Problem' on page 54 undefined on input line 2144.


LaTeX Warning: Reference `Empirical_Problem' on page 54 undefined on input line 2148.


LaTeX Warning: Reference `prob:tolerated_Allocation_Problem' on page 54 undefined on input line 2148.


Underfull \vbox (badness 10000) has occurred while \output is active []



[54]

[55]
LaTeX Font Info:    Font shape `TU/lmtt/bx/n' in size <10> not available
(Font)              Font shape `TU/lmtt/b/n' tried instead on input line 2156.

Underfull \vbox (badness 10000) has occurred while \output is active []




Overfull \vbox (3.5351pt too high) has occurred while \output is active []

 [56]
Underfull \vbox (badness 10000) has occurred while \output is active []




Overfull \vbox (3.5351pt too high) has occurred while \output is active []

 [57]
LaTeX Font Info:    Font shape `TU/lmtt/bx/n' in size <11> not available
(Font)              Font shape `TU/lmtt/b/n' tried instead on input line 2289.


LaTeX Warning: Reference `prob:MVCSE' on page 58 undefined on input line 2289.


Package natbib Warning: There were undefined citations.



[58] (./main.aux)
 ***********
LaTeX2e <2024-11-01> patch level 2
L3 programming layer <2025-01-18>
 ***********


LaTeX Warning: There were undefined references.


LaTeX Warning: Label(s) may have changed. Rerun to get cross-references right.


Package rerunfilecheck Warning: File `main.out' has changed.
(rerunfilecheck)                Rerun to get outlines right
(rerunfilecheck)                or use package `bookmark'.

Package rerunfilecheck Info: Checksums for `main.out':
(rerunfilecheck)             Before: <no file>
(rerunfilecheck)             After:  AF5306F0C18D1539C00830FE89716316;4715.
 ) 
Here is how much of TeX's memory you used:
 32372 strings out of 473840
 602621 string characters out of 5733402
 1431528 words of memory out of 5000000
 54868 multiletter control sequences out of 15000+600000
 579229 words of font info for 139 fonts, out of 8000000 for 9000
 1348 hyphenation exceptions out of 8191
 102i,18n,106p,1497b,1999s stack positions out of 10000i,1000n,20000p,200000b,200000s

Output written on main.pdf (58 pages).
